<?xml version="1.0" encoding="UTF-8"?>
<testsuite xmlns:xsi="http://www.w3.org/2001/XMLSchema-instance" xsi:noNamespaceSchemaLocation="https://maven.apache.org/surefire/maven-failsafe-plugin/xsd/failsafe-test-report.xsd" name="Search on Wikipedia" time="25.459" tests="2" errors="0" skipped="0" failures="0">
  <properties>
[...]
</properties>
  <testcase name="Searching a keyword on wikipedia home page" classname="Search on Wikipedia" time="14.98"/>
  <testcase name="Searching a keyword on wikipedia home page" classname="Search on Wikipedia" time="10.435"/>
</testsuite>